
*** Running vivado
    with args -log trackforce_top_0_0.vds -m64 -product Vivado -mode batch -messageDb vivado.pb -notrace -source trackforce_top_0_0.tcl



****** Vivado v2023.2 (64-bit)
  **** SW Build 4029153 on Fri Oct 13 20:14:34 MDT 2023
  **** IP Build 4028589 on Sat Oct 14 00:45:43 MDT 2023
  **** SharedData Build 4025554 on Tue Oct 10 17:18:54 MDT 2023
    ** Copyright 1986-2022 Xilinx, Inc. All Rights Reserved.
    ** Copyright 2022-2023 Advanced Micro Devices, Inc. All Rights Reserved.

source trackforce_top_0_0.tcl -notrace
INFO: [IP_Flow 19-234] Refreshing IP repositories
INFO: [IP_Flow 19-1704] No user IP repositories specified
INFO: [IP_Flow 19-2313] Loaded Vivado IP repository 'C:/Xilinx/Vivado/2023.2/data/ip'.
INFO: [IP_Flow 19-6924] IPCACHE: Running cache check for IP inst: trackforce_top_0_0
Command: synth_design -top trackforce_top_0_0 -part xc7z020clg400-1 -incremental_mode off -mode out_of_context
Starting synth_design
Attempting to get a license for feature 'Synthesis' and/or device 'xc7z020'
INFO: [Common 17-349] Got license for feature 'Synthesis' and/or device 'xc7z020'
INFO: [Device 21-403] Loading part xc7z020clg400-1
INFO: [Synth 8-7079] Multithreading enabled for synth_design using a maximum of 2 processes.
INFO: [Synth 8-7078] Launching helper process for spawning children vivado processes
INFO: [Synth 8-7075] Helper process launched with PID 45840
---------------------------------------------------------------------------------
Starting RTL Elaboration : Time (s): cpu = 00:00:03 ; elapsed = 00:00:03 . Memory (MB): peak = 1488.117 ; gain = 440.672
---------------------------------------------------------------------------------
INFO: [Synth 8-6157] synthesizing module 'trackforce_top_0_0' [d:/GitHub/trackforce/trackforce.vivado/trackforce.gen/sources_1/bd/trackforce/ip/trackforce_top_0_0/synth/trackforce_top_0_0.v:53]
INFO: [Synth 8-6157] synthesizing module 'top' [D:/GitHub/trackforce/trackforce.vivado/trackforce.srcs/sources_1/imports/new/top.v:39]
INFO: [Synth 8-6157] synthesizing module 'sevenSegCtl' [D:/GitHub/trackforce/trackforce.vivado/trackforce.srcs/sources_1/imports/imports/importPending/sevenSegCtl.sv:2]
INFO: [Synth 8-6157] synthesizing module 'sevenSegVel' [D:/GitHub/trackforce/trackforce.vivado/trackforce.srcs/sources_1/imports/imports/importPending/sevenSegVel.sv:18]
INFO: [Synth 8-6155] done synthesizing module 'sevenSegVel' (0#1) [D:/GitHub/trackforce/trackforce.vivado/trackforce.srcs/sources_1/imports/imports/importPending/sevenSegVel.sv:18]
INFO: [Synth 8-6155] done synthesizing module 'sevenSegCtl' (0#1) [D:/GitHub/trackforce/trackforce.vivado/trackforce.srcs/sources_1/imports/imports/importPending/sevenSegCtl.sv:2]
INFO: [Synth 8-6155] done synthesizing module 'top' (0#1) [D:/GitHub/trackforce/trackforce.vivado/trackforce.srcs/sources_1/imports/new/top.v:39]
INFO: [Synth 8-6155] done synthesizing module 'trackforce_top_0_0' (0#1) [d:/GitHub/trackforce/trackforce.vivado/trackforce.gen/sources_1/bd/trackforce/ip/trackforce_top_0_0/synth/trackforce_top_0_0.v:53]
WARNING: [Synth 8-3848] Net gforce_x_o in module/entity top does not have driver. [D:/GitHub/trackforce/trackforce.vivado/trackforce.srcs/sources_1/imports/new/top.v:49]
WARNING: [Synth 8-3848] Net gforce_y_o in module/entity top does not have driver. [D:/GitHub/trackforce/trackforce.vivado/trackforce.srcs/sources_1/imports/new/top.v:50]
WARNING: [Synth 8-7129] Port gforce_x_o[7] in module top is either unconnected or has no load
WARNING: [Synth 8-7129] Port gforce_x_o[6] in module top is either unconnected or has no load
WARNING: [Synth 8-7129] Port gforce_x_o[5] in module top is either unconnected or has no load
WARNING: [Synth 8-7129] Port gforce_x_o[4] in module top is either unconnected or has no load
WARNING: [Synth 8-7129] Port gforce_x_o[3] in module top is either unconnected or has no load
WARNING: [Synth 8-7129] Port gforce_x_o[2] in module top is either unconnected or has no load
WARNING: [Synth 8-7129] Port gforce_x_o[1] in module top is either unconnected or has no load
WARNING: [Synth 8-7129] Port gforce_x_o[0] in module top is either unconnected or has no load
WARNING: [Synth 8-7129] Port gforce_y_o[7] in module top is either unconnected or has no load
WARNING: [Synth 8-7129] Port gforce_y_o[6] in module top is either unconnected or has no load
WARNING: [Synth 8-7129] Port gforce_y_o[5] in module top is either unconnected or has no load
WARNING: [Synth 8-7129] Port gforce_y_o[4] in module top is either unconnected or has no load
WARNING: [Synth 8-7129] Port gforce_y_o[3] in module top is either unconnected or has no load
WARNING: [Synth 8-7129] Port gforce_y_o[2] in module top is either unconnected or has no load
WARNING: [Synth 8-7129] Port gforce_y_o[1] in module top is either unconnected or has no load
WARNING: [Synth 8-7129] Port gforce_y_o[0] in module top is either unconnected or has no load
WARNING: [Synth 8-7129] Port sw[3] in module top is either unconnected or has no load
WARNING: [Synth 8-7129] Port sw[2] in module top is either unconnected or has no load
WARNING: [Synth 8-7129] Port sw[1] in module top is either unconnected or has no load
WARNING: [Synth 8-7129] Port imu_rx_x_i[7] in module top is either unconnected or has no load
WARNING: [Synth 8-7129] Port imu_rx_x_i[6] in module top is either unconnected or has no load
WARNING: [Synth 8-7129] Port imu_rx_x_i[5] in module top is either unconnected or has no load
WARNING: [Synth 8-7129] Port imu_rx_x_i[4] in module top is either unconnected or has no load
WARNING: [Synth 8-7129] Port imu_rx_x_i[3] in module top is either unconnected or has no load
WARNING: [Synth 8-7129] Port imu_rx_x_i[2] in module top is either unconnected or has no load
WARNING: [Synth 8-7129] Port imu_rx_x_i[1] in module top is either unconnected or has no load
WARNING: [Synth 8-7129] Port imu_rx_x_i[0] in module top is either unconnected or has no load
WARNING: [Synth 8-7129] Port imu_rx_y_i[7] in module top is either unconnected or has no load
WARNING: [Synth 8-7129] Port imu_rx_y_i[6] in module top is either unconnected or has no load
WARNING: [Synth 8-7129] Port imu_rx_y_i[5] in module top is either unconnected or has no load
WARNING: [Synth 8-7129] Port imu_rx_y_i[4] in module top is either unconnected or has no load
WARNING: [Synth 8-7129] Port imu_rx_y_i[3] in module top is either unconnected or has no load
WARNING: [Synth 8-7129] Port imu_rx_y_i[2] in module top is either unconnected or has no load
WARNING: [Synth 8-7129] Port imu_rx_y_i[1] in module top is either unconnected or has no load
WARNING: [Synth 8-7129] Port imu_rx_y_i[0] in module top is either unconnected or has no load
WARNING: [Synth 8-7129] Port imu_rx_z_i[7] in module top is either unconnected or has no load
WARNING: [Synth 8-7129] Port imu_rx_z_i[6] in module top is either unconnected or has no load
WARNING: [Synth 8-7129] Port imu_rx_z_i[5] in module top is either unconnected or has no load
WARNING: [Synth 8-7129] Port imu_rx_z_i[4] in module top is either unconnected or has no load
WARNING: [Synth 8-7129] Port imu_rx_z_i[3] in module top is either unconnected or has no load
WARNING: [Synth 8-7129] Port imu_rx_z_i[2] in module top is either unconnected or has no load
WARNING: [Synth 8-7129] Port imu_rx_z_i[1] in module top is either unconnected or has no load
WARNING: [Synth 8-7129] Port imu_rx_z_i[0] in module top is either unconnected or has no load
---------------------------------------------------------------------------------
Finished RTL Elaboration : Time (s): cpu = 00:00:04 ; elapsed = 00:00:04 . Memory (MB): peak = 1599.113 ; gain = 551.668
---------------------------------------------------------------------------------
---------------------------------------------------------------------------------
Start Handling Custom Attributes
---------------------------------------------------------------------------------
---------------------------------------------------------------------------------
Finished Handling Custom Attributes : Time (s): cpu = 00:00:04 ; elapsed = 00:00:04 . Memory (MB): peak = 1599.113 ; gain = 551.668
---------------------------------------------------------------------------------
---------------------------------------------------------------------------------
Finished RTL Optimization Phase 1 : Time (s): cpu = 00:00:04 ; elapsed = 00:00:04 . Memory (MB): peak = 1599.113 ; gain = 551.668
---------------------------------------------------------------------------------
Netlist sorting complete. Time (s): cpu = 00:00:00 ; elapsed = 00:00:00.001 . Memory (MB): peak = 1599.113 ; gain = 0.000
INFO: [Project 1-570] Preparing netlist for logic optimization

Processing XDC Constraints
Initializing timing engine
Completed Processing XDC Constraints

Netlist sorting complete. Time (s): cpu = 00:00:00 ; elapsed = 00:00:00 . Memory (MB): peak = 1679.512 ; gain = 0.000
INFO: [Project 1-111] Unisim Transformation Summary:
No Unisim elements were transformed.

The system cannot find the path specified.
Constraint Validation Runtime : Time (s): cpu = 00:00:00 ; elapsed = 00:00:00.012 . Memory (MB): peak = 1679.535 ; gain = 0.023
INFO: [Designutils 20-5008] Incremental synthesis strategy off
---------------------------------------------------------------------------------
Finished Constraint Validation : Time (s): cpu = 00:00:08 ; elapsed = 00:00:09 . Memory (MB): peak = 1679.535 ; gain = 632.090
---------------------------------------------------------------------------------
---------------------------------------------------------------------------------
Start Loading Part and Timing Information
---------------------------------------------------------------------------------
Loading part: xc7z020clg400-1
---------------------------------------------------------------------------------
Finished Loading Part and Timing Information : Time (s): cpu = 00:00:08 ; elapsed = 00:00:09 . Memory (MB): peak = 1679.535 ; gain = 632.090
---------------------------------------------------------------------------------
---------------------------------------------------------------------------------
Start Applying 'set_property' XDC Constraints
---------------------------------------------------------------------------------
---------------------------------------------------------------------------------
Finished applying 'set_property' XDC Constraints : Time (s): cpu = 00:00:08 ; elapsed = 00:00:09 . Memory (MB): peak = 1679.535 ; gain = 632.090
---------------------------------------------------------------------------------
---------------------------------------------------------------------------------
Finished RTL Optimization Phase 2 : Time (s): cpu = 00:00:08 ; elapsed = 00:00:09 . Memory (MB): peak = 1679.535 ; gain = 632.090
---------------------------------------------------------------------------------
---------------------------------------------------------------------------------
Start RTL Component Statistics 
---------------------------------------------------------------------------------
Detailed RTL Component Info : 
+---Adders : 
	   2 Input    8 Bit       Adders := 2     
	   2 Input    4 Bit       Adders := 1     
+---Registers : 
	                8 Bit    Registers := 2     
	                4 Bit    Registers := 1     
+---Muxes : 
	   2 Input    8 Bit        Muxes := 3     
	  11 Input    7 Bit        Muxes := 1     
	  13 Input    7 Bit        Muxes := 1     
	   2 Input    1 Bit        Muxes := 1     
---------------------------------------------------------------------------------
Finished RTL Component Statistics 
---------------------------------------------------------------------------------
---------------------------------------------------------------------------------
Start Part Resource Summary
---------------------------------------------------------------------------------
Part Resources:
DSPs: 220 (col length:60)
BRAMs: 280 (col length: RAMB18 60 RAMB36 30)
---------------------------------------------------------------------------------
Finished Part Resource Summary
---------------------------------------------------------------------------------
---------------------------------------------------------------------------------
Start Cross Boundary and Area Optimization
---------------------------------------------------------------------------------
WARNING: [Synth 8-7080] Parallel synthesis criteria is not met
INFO: [Synth 8-3917] design trackforce_top_0_0 has port gps_vel_o[7] driven by constant 0
INFO: [Synth 8-3917] design trackforce_top_0_0 has port gps_vel_o[6] driven by constant 0
INFO: [Synth 8-3917] design trackforce_top_0_0 has port gps_vel_o[5] driven by constant 0
INFO: [Synth 8-3917] design trackforce_top_0_0 has port gps_vel_o[4] driven by constant 0
INFO: [Synth 8-3917] design trackforce_top_0_0 has port gps_vel_o[3] driven by constant 0
INFO: [Synth 8-3917] design trackforce_top_0_0 has port gps_vel_o[2] driven by constant 0
INFO: [Synth 8-3917] design trackforce_top_0_0 has port gps_vel_o[1] driven by constant 0
INFO: [Synth 8-3917] design trackforce_top_0_0 has port gps_vel_o[0] driven by constant 0
INFO: [Synth 8-3917] design trackforce_top_0_0 has port led[3] driven by constant 0
INFO: [Synth 8-3917] design trackforce_top_0_0 has port led[2] driven by constant 0
WARNING: [Synth 8-7129] Port gforce_x_o[7] in module trackforce_top_0_0 is either unconnected or has no load
WARNING: [Synth 8-7129] Port gforce_x_o[6] in module trackforce_top_0_0 is either unconnected or has no load
WARNING: [Synth 8-7129] Port gforce_x_o[5] in module trackforce_top_0_0 is either unconnected or has no load
WARNING: [Synth 8-7129] Port gforce_x_o[4] in module trackforce_top_0_0 is either unconnected or has no load
WARNING: [Synth 8-7129] Port gforce_x_o[3] in module trackforce_top_0_0 is either unconnected or has no load
WARNING: [Synth 8-7129] Port gforce_x_o[2] in module trackforce_top_0_0 is either unconnected or has no load
WARNING: [Synth 8-7129] Port gforce_x_o[1] in module trackforce_top_0_0 is either unconnected or has no load
WARNING: [Synth 8-7129] Port gforce_x_o[0] in module trackforce_top_0_0 is either unconnected or has no load
WARNING: [Synth 8-7129] Port gforce_y_o[7] in module trackforce_top_0_0 is either unconnected or has no load
WARNING: [Synth 8-7129] Port gforce_y_o[6] in module trackforce_top_0_0 is either unconnected or has no load
WARNING: [Synth 8-7129] Port gforce_y_o[5] in module trackforce_top_0_0 is either unconnected or has no load
WARNING: [Synth 8-7129] Port gforce_y_o[4] in module trackforce_top_0_0 is either unconnected or has no load
WARNING: [Synth 8-7129] Port gforce_y_o[3] in module trackforce_top_0_0 is either unconnected or has no load
WARNING: [Synth 8-7129] Port gforce_y_o[2] in module trackforce_top_0_0 is either unconnected or has no load
WARNING: [Synth 8-7129] Port gforce_y_o[1] in module trackforce_top_0_0 is either unconnected or has no load
WARNING: [Synth 8-7129] Port gforce_y_o[0] in module trackforce_top_0_0 is either unconnected or has no load
WARNING: [Synth 8-7129] Port sw[3] in module trackforce_top_0_0 is either unconnected or has no load
WARNING: [Synth 8-7129] Port sw[2] in module trackforce_top_0_0 is either unconnected or has no load
WARNING: [Synth 8-7129] Port sw[1] in module trackforce_top_0_0 is either unconnected or has no load
WARNING: [Synth 8-7129] Port imu_rx_x_i[7] in module trackforce_top_0_0 is either unconnected or has no load
WARNING: [Synth 8-7129] Port imu_rx_x_i[6] in module trackforce_top_0_0 is either unconnected or has no load
WARNING: [Synth 8-7129] Port imu_rx_x_i[5] in module trackforce_top_0_0 is either unconnected or has no load
WARNING: [Synth 8-7129] Port imu_rx_x_i[4] in module trackforce_top_0_0 is either unconnected or has no load
WARNING: [Synth 8-7129] Port imu_rx_x_i[3] in module trackforce_top_0_0 is either unconnected or has no load
WARNING: [Synth 8-7129] Port imu_rx_x_i[2] in module trackforce_top_0_0 is either unconnected or has no load
WARNING: [Synth 8-7129] Port imu_rx_x_i[1] in module trackforce_top_0_0 is either unconnected or has no load
WARNING: [Synth 8-7129] Port imu_rx_x_i[0] in module trackforce_top_0_0 is either unconnected or has no load
WARNING: [Synth 8-7129] Port imu_rx_y_i[7] in module trackforce_top_0_0 is either unconnected or has no load
WARNING: [Synth 8-7129] Port imu_rx_y_i[6] in module trackforce_top_0_0 is either unconnected or has no load
WARNING: [Synth 8-7129] Port imu_rx_y_i[5] in module trackforce_top_0_0 is either unconnected or has no load
WARNING: [Synth 8-7129] Port imu_rx_y_i[4] in module trackforce_top_0_0 is either unconnected or has no load
WARNING: [Synth 8-7129] Port imu_rx_y_i[3] in module trackforce_top_0_0 is either unconnected or has no load
WARNING: [Synth 8-7129] Port imu_rx_y_i[2] in module trackforce_top_0_0 is either unconnected or has no load
WARNING: [Synth 8-7129] Port imu_rx_y_i[1] in module trackforce_top_0_0 is either unconnected or has no load
WARNING: [Synth 8-7129] Port imu_rx_y_i[0] in module trackforce_top_0_0 is either unconnected or has no load
WARNING: [Synth 8-7129] Port imu_rx_z_i[7] in module trackforce_top_0_0 is either unconnected or has no load
WARNING: [Synth 8-7129] Port imu_rx_z_i[6] in module trackforce_top_0_0 is either unconnected or has no load
WARNING: [Synth 8-7129] Port imu_rx_z_i[5] in module trackforce_top_0_0 is either unconnected or has no load
WARNING: [Synth 8-7129] Port imu_rx_z_i[4] in module trackforce_top_0_0 is either unconnected or has no load
WARNING: [Synth 8-7129] Port imu_rx_z_i[3] in module trackforce_top_0_0 is either unconnected or has no load
WARNING: [Synth 8-7129] Port imu_rx_z_i[2] in module trackforce_top_0_0 is either unconnected or has no load
WARNING: [Synth 8-7129] Port imu_rx_z_i[1] in module trackforce_top_0_0 is either unconnected or has no load
WARNING: [Synth 8-7129] Port imu_rx_z_i[0] in module trackforce_top_0_0 is either unconnected or has no load
---------------------------------------------------------------------------------
Finished Cross Boundary and Area Optimization : Time (s): cpu = 00:00:10 ; elapsed = 00:00:11 . Memory (MB): peak = 1679.535 ; gain = 632.090
---------------------------------------------------------------------------------
---------------------------------------------------------------------------------
Start Applying XDC Timing Constraints
---------------------------------------------------------------------------------
---------------------------------------------------------------------------------
Finished Applying XDC Timing Constraints : Time (s): cpu = 00:00:13 ; elapsed = 00:00:14 . Memory (MB): peak = 1679.535 ; gain = 632.090
---------------------------------------------------------------------------------
---------------------------------------------------------------------------------
Start Timing Optimization
---------------------------------------------------------------------------------
---------------------------------------------------------------------------------
Finished Timing Optimization : Time (s): cpu = 00:00:13 ; elapsed = 00:00:14 . Memory (MB): peak = 1679.535 ; gain = 632.090
---------------------------------------------------------------------------------
---------------------------------------------------------------------------------
Start Technology Mapping
---------------------------------------------------------------------------------
---------------------------------------------------------------------------------
Finished Technology Mapping : Time (s): cpu = 00:00:13 ; elapsed = 00:00:14 . Memory (MB): peak = 1679.535 ; gain = 632.090
---------------------------------------------------------------------------------
---------------------------------------------------------------------------------
Start IO Insertion
---------------------------------------------------------------------------------
---------------------------------------------------------------------------------
Start Flattening Before IO Insertion
---------------------------------------------------------------------------------
---------------------------------------------------------------------------------
Finished Flattening Before IO Insertion
---------------------------------------------------------------------------------
---------------------------------------------------------------------------------
Start Final Netlist Cleanup
---------------------------------------------------------------------------------
---------------------------------------------------------------------------------
Finished Final Netlist Cleanup
---------------------------------------------------------------------------------
---------------------------------------------------------------------------------
Finished IO Insertion : Time (s): cpu = 00:00:15 ; elapsed = 00:00:16 . Memory (MB): peak = 1679.535 ; gain = 632.090
---------------------------------------------------------------------------------
---------------------------------------------------------------------------------
Start Renaming Generated Instances
---------------------------------------------------------------------------------
---------------------------------------------------------------------------------
Finished Renaming Generated Instances : Time (s): cpu = 00:00:15 ; elapsed = 00:00:17 . Memory (MB): peak = 1679.535 ; gain = 632.090
---------------------------------------------------------------------------------
---------------------------------------------------------------------------------
Start Rebuilding User Hierarchy
---------------------------------------------------------------------------------
---------------------------------------------------------------------------------
Finished Rebuilding User Hierarchy : Time (s): cpu = 00:00:15 ; elapsed = 00:00:17 . Memory (MB): peak = 1679.535 ; gain = 632.090
---------------------------------------------------------------------------------
---------------------------------------------------------------------------------
Start Renaming Generated Ports
---------------------------------------------------------------------------------
---------------------------------------------------------------------------------
Finished Renaming Generated Ports : Time (s): cpu = 00:00:15 ; elapsed = 00:00:17 . Memory (MB): peak = 1679.535 ; gain = 632.090
---------------------------------------------------------------------------------
---------------------------------------------------------------------------------
Start Handling Custom Attributes
---------------------------------------------------------------------------------
---------------------------------------------------------------------------------
Finished Handling Custom Attributes : Time (s): cpu = 00:00:15 ; elapsed = 00:00:17 . Memory (MB): peak = 1679.535 ; gain = 632.090
---------------------------------------------------------------------------------
---------------------------------------------------------------------------------
Start Renaming Generated Nets
---------------------------------------------------------------------------------
---------------------------------------------------------------------------------
Finished Renaming Generated Nets : Time (s): cpu = 00:00:15 ; elapsed = 00:00:17 . Memory (MB): peak = 1679.535 ; gain = 632.090
---------------------------------------------------------------------------------
---------------------------------------------------------------------------------
Start Writing Synthesis Report
---------------------------------------------------------------------------------

Report BlackBoxes: 
+-+--------------+----------+
| |BlackBox name |Instances |
+-+--------------+----------+
+-+--------------+----------+

Report Cell Usage: 
+------+-----+------+
|      |Cell |Count |
+------+-----+------+
|1     |LUT1 |     3|
|2     |LUT2 |     4|
|3     |LUT3 |     5|
|4     |LUT4 |    17|
|5     |LUT5 |    11|
|6     |LUT6 |    47|
|7     |FDRE |    20|
+------+-----+------+
---------------------------------------------------------------------------------
Finished Writing Synthesis Report : Time (s): cpu = 00:00:15 ; elapsed = 00:00:17 . Memory (MB): peak = 1679.535 ; gain = 632.090
---------------------------------------------------------------------------------
Synthesis finished with 0 errors, 0 critical warnings and 44 warnings.
Synthesis Optimization Runtime : Time (s): cpu = 00:00:10 ; elapsed = 00:00:15 . Memory (MB): peak = 1679.535 ; gain = 551.668
Synthesis Optimization Complete : Time (s): cpu = 00:00:15 ; elapsed = 00:00:17 . Memory (MB): peak = 1679.535 ; gain = 632.090
INFO: [Project 1-571] Translating synthesized netlist
Netlist sorting complete. Time (s): cpu = 00:00:00 ; elapsed = 00:00:00.001 . Memory (MB): peak = 1679.535 ; gain = 0.000
INFO: [Project 1-570] Preparing netlist for logic optimization
INFO: [Opt 31-138] Pushed 0 inverter(s) to 0 load pin(s).
Netlist sorting complete. Time (s): cpu = 00:00:00 ; elapsed = 00:00:00 . Memory (MB): peak = 1679.535 ; gain = 0.000
INFO: [Project 1-111] Unisim Transformation Summary:
No Unisim elements were transformed.

The system cannot find the path specified.
Synth Design complete | Checksum: 53f290d8
INFO: [Common 17-83] Releasing license: Synthesis
35 Infos, 89 Warnings, 0 Critical Warnings and 0 Errors encountered.
synth_design completed successfully
synth_design: Time (s): cpu = 00:00:18 ; elapsed = 00:00:20 . Memory (MB): peak = 1679.535 ; gain = 1044.340
Write ShapeDB Complete: Time (s): cpu = 00:00:00 ; elapsed = 00:00:00 . Memory (MB): peak = 1679.535 ; gain = 0.000
INFO: [Common 17-1381] The checkpoint 'D:/GitHub/trackforce/trackforce.vivado/trackforce.runs/trackforce_top_0_0_synth_1/trackforce_top_0_0.dcp' has been generated.
INFO: [Coretcl 2-1648] Added synthesis output to IP cache for IP trackforce_top_0_0, cache-ID = 781cfe72eb10d1f0
INFO: [Coretcl 2-1174] Renamed 2 cell refs.
Write ShapeDB Complete: Time (s): cpu = 00:00:00 ; elapsed = 00:00:00 . Memory (MB): peak = 1679.535 ; gain = 0.000
INFO: [Common 17-1381] The checkpoint 'D:/GitHub/trackforce/trackforce.vivado/trackforce.runs/trackforce_top_0_0_synth_1/trackforce_top_0_0.dcp' has been generated.
INFO: [runtcl-4] Executing : report_utilization -file trackforce_top_0_0_utilization_synth.rpt -pb trackforce_top_0_0_utilization_synth.pb
INFO: [Common 17-206] Exiting Vivado at Mon Dec  4 20:21:57 2023...
